[2021-03-18 06:47:44,050] I kiwoom.py | Kiwoom-__init__-0016 I DEBUG    > Kiwoom() class start.
[2021-03-18 06:48:14,959] I kiwoom.py | Kiwoom-__init__-0016 I DEBUG    > Kiwoom() class start.
[2021-03-18 06:48:21,381] I kiwoom.py | Kiwoom-login_slot-0099 I DEBUG    > 로그인 정보 코드 : 정상처리 
[2021-03-18 06:48:21,381] I kiwoom.py | Kiwoom-get_account_info-0106 I DEBUG    > 나의 보유 계좌번호 : 8159997611
[2021-03-18 06:48:21,381] I kiwoom.py | Kiwoom-detail_account_info-0116 I DEBUG    > ======예수금을 요청하는 부분=================== 시작
[2021-03-18 06:48:21,429] I kiwoom.py | Kiwoom-msg_slot-0729 I DEBUG    > 스크린: 2000, 요청이름: 예수금상세현황요청, tr 코드 : opw00001 ---- [00Z310] 모의투자 조회가 완료되었습니다 
[2021-03-18 06:48:21,430] I kiwoom.py | Kiwoom-trdata_slot-0157 I DEBUG    > 예수금 : 5000000   ====   출금가능금액 625000.0   ====  출금가능금액 000000001544150   
[2021-03-18 06:48:21,430] I kiwoom.py | Kiwoom-trdata_slot-0160 I DEBUG    > ======예수금을 요청하는 부분=================== 종료
[2021-03-18 06:48:21,453] I kiwoom.py | Kiwoom-msg_slot-0729 I DEBUG    > 스크린: 2000, 요청이름: 계좌평가잔고내역요청, tr 코드 : opw00018 ---- [00Z310] 모의투자 조회가 완료되었습니다 
[2021-03-18 06:48:21,454] I kiwoom.py | Kiwoom-trdata_slot-0171 I DEBUG    > 계좌평가잔고내역요청 싱글데이터(매도금액, 잃은금액, 수익률) : 5556450 -  -40664 - -0.73 
[2021-03-18 06:48:21,455] I kiwoom.py | Kiwoom-trdata_slot-0210 I DEBUG    > sPrevNext :   - row건수 : 3 - 계좌 보유종목 건수 : 3
[2021-03-18 06:48:21,455] I kiwoom.py | Kiwoom-trdata_slot-0211 I DEBUG    > 계좌에 가지고 있는 종목 : {'004140': {'종목명 ': '동방', '보유수량 ': 300, '매입가 ': 6851, '수익률(%) ': -0.22, '현재가 ': 6900, '매입금액 ': 2055450, '매매가능수량 ': 300}, '064260': {'종목명 ': '다날', '보유수량 ': 350, '매입가 ': 8360, '수익률(%) ': -1.05, '현재가 ': 8350, '매입금액 ': 2926000, '매매가능수량 ': 350}, '218150': {'종목명 ': '미래생명자원', '보유수량 ': 100, '매입가 ': 5750, '수익률(%) ': -0.93, '현재가 ': 5750, '매입금액 ': 575000, '매매가능수량 ': 100}}
[2021-03-18 06:48:26,463] I kiwoom.py | Kiwoom-msg_slot-0729 I DEBUG    > 스크린: , 요청이름: , tr 코드 :  ----  조회가 완료되었습니다. 
[2021-03-18 06:48:31,460] I kiwoom.py | Kiwoom-read_code-0420 I DEBUG    > condition_stock 수집파일 {} 
[2021-03-18 06:48:31,461] I kiwoom.py | Kiwoom-screen_number_setting-0470 I DEBUG    > screen_number_setting  {'004140': {'스크린번호': '5001', '주문용스크린번호 ': '6001'}, '064260': {'스크린번호': '5001', '주문용스크린번호 ': '6001'}, '218150': {'스크린번호': '5001', '주문용스크린번호 ': '6001'}} 
[2021-03-18 06:48:36,475] I kiwoom.py | Kiwoom-__init__-0081 I DEBUG    > 실시간 등록 : 004140, 스크린번호 : 5001  , 번호 : 20 
[2021-03-18 06:48:36,477] I kiwoom.py | Kiwoom-__init__-0081 I DEBUG    > 실시간 등록 : 064260, 스크린번호 : 5001  , 번호 : 20 
[2021-03-18 06:48:36,479] I kiwoom.py | Kiwoom-__init__-0081 I DEBUG    > 실시간 등록 : 218150, 스크린번호 : 5001  , 번호 : 20 
[2021-03-18 06:49:42,044] I kiwoom.py | Kiwoom-__init__-0016 I DEBUG    > Kiwoom() class start.
[2021-03-18 06:49:48,212] I kiwoom.py | Kiwoom-login_slot-0098 I DEBUG    > 로그인 정보 코드 : 정상처리 
[2021-03-18 06:49:48,212] I kiwoom.py | Kiwoom-get_account_info-0105 I DEBUG    > 나의 보유 계좌번호 : 8159997611
[2021-03-18 06:49:48,212] I kiwoom.py | Kiwoom-detail_account_info-0115 I DEBUG    > ======예수금을 요청하는 부분=================== 시작
[2021-03-18 06:49:48,250] I kiwoom.py | Kiwoom-msg_slot-0728 I DEBUG    > 스크린: 2000, 요청이름: 예수금상세현황요청, tr 코드 : opw00001 ---- [00Z310] 모의투자 조회가 완료되었습니다 
[2021-03-18 06:49:48,252] I kiwoom.py | Kiwoom-trdata_slot-0156 I DEBUG    > 예수금 : 5000000   ====   출금가능금액 625000.0   ====  출금가능금액 000000001544150   
[2021-03-18 06:49:48,252] I kiwoom.py | Kiwoom-trdata_slot-0159 I DEBUG    > ======예수금을 요청하는 부분=================== 종료
[2021-03-18 06:49:48,281] I kiwoom.py | Kiwoom-msg_slot-0728 I DEBUG    > 스크린: 2000, 요청이름: 계좌평가잔고내역요청, tr 코드 : opw00018 ---- [00Z310] 모의투자 조회가 완료되었습니다 
[2021-03-18 06:49:48,282] I kiwoom.py | Kiwoom-trdata_slot-0170 I DEBUG    > 계좌평가잔고내역요청 싱글데이터(매도금액, 잃은금액, 수익률) : 5556450 -  -40664 - -0.73 
[2021-03-18 06:49:48,283] I kiwoom.py | Kiwoom-trdata_slot-0209 I DEBUG    > sPrevNext :   - row건수 : 3 - 계좌 보유종목 건수 : 3
[2021-03-18 06:49:48,283] I kiwoom.py | Kiwoom-trdata_slot-0210 I DEBUG    > 계좌에 가지고 있는 종목 : {'004140': {'종목명 ': '동방', '보유수량 ': 300, '매입가 ': 6851, '수익률(%) ': -0.22, '현재가 ': 6900, '매입금액 ': 2055450, '매매가능수량 ': 300}, '064260': {'종목명 ': '다날', '보유수량 ': 350, '매입가 ': 8360, '수익률(%) ': -1.05, '현재가 ': 8350, '매입금액 ': 2926000, '매매가능수량 ': 350}, '218150': {'종목명 ': '미래생명자원', '보유수량 ': 100, '매입가 ': 5750, '수익률(%) ': -0.93, '현재가 ': 5750, '매입금액 ': 575000, '매매가능수량 ': 100}}
[2021-03-18 06:49:53,291] I kiwoom.py | Kiwoom-msg_slot-0728 I DEBUG    > 스크린: , 요청이름: , tr 코드 :  ----  조회가 완료되었습니다. 
[2021-03-18 06:49:58,288] I kiwoom.py | Kiwoom-read_code-0419 I DEBUG    > condition_stock 수집파일 {} 
[2021-03-18 06:49:58,288] I kiwoom.py | Kiwoom-screen_number_setting-0469 I DEBUG    > screen_number_setting  {'004140': {'스크린번호': '5001', '주문용스크린번호 ': '6001'}, '064260': {'스크린번호': '5001', '주문용스크린번호 ': '6001'}, '218150': {'스크린번호': '5001', '주문용스크린번호 ': '6001'}} 
[2021-03-18 06:51:05,442] I kiwoom.py | Kiwoom-__init__-0016 I DEBUG    > Kiwoom() class start.
[2021-03-18 06:51:11,836] I kiwoom.py | Kiwoom-login_slot-0099 I DEBUG    > 로그인 정보 코드 : 정상처리 
[2021-03-18 06:51:11,836] I kiwoom.py | Kiwoom-get_account_info-0106 I DEBUG    > 나의 보유 계좌번호 : 8159997611
[2021-03-18 06:51:11,836] I kiwoom.py | Kiwoom-detail_account_info-0116 I DEBUG    > ======예수금을 요청하는 부분=================== 시작
[2021-03-18 06:51:11,920] I kiwoom.py | Kiwoom-msg_slot-0729 I DEBUG    > 스크린: 2000, 요청이름: 예수금상세현황요청, tr 코드 : opw00001 ---- [00Z310] 모의투자 조회가 완료되었습니다 
[2021-03-18 06:51:11,922] I kiwoom.py | Kiwoom-trdata_slot-0157 I DEBUG    > 예수금 : 5000000   ====   출금가능금액 625000.0   ====  출금가능금액 000000001544150   
[2021-03-18 06:51:11,922] I kiwoom.py | Kiwoom-trdata_slot-0160 I DEBUG    > ======예수금을 요청하는 부분=================== 종료
[2021-03-18 06:51:11,946] I kiwoom.py | Kiwoom-msg_slot-0729 I DEBUG    > 스크린: 2000, 요청이름: 계좌평가잔고내역요청, tr 코드 : opw00018 ---- [00Z310] 모의투자 조회가 완료되었습니다 
[2021-03-18 06:51:11,948] I kiwoom.py | Kiwoom-trdata_slot-0171 I DEBUG    > 계좌평가잔고내역요청 싱글데이터(매도금액, 잃은금액, 수익률) : 5556450 -  -40664 - -0.73 
[2021-03-18 06:51:11,949] I kiwoom.py | Kiwoom-trdata_slot-0210 I DEBUG    > sPrevNext :   - row건수 : 3 - 계좌 보유종목 건수 : 3
[2021-03-18 06:51:11,949] I kiwoom.py | Kiwoom-trdata_slot-0211 I DEBUG    > 계좌에 가지고 있는 종목 : {'004140': {'종목명 ': '동방', '보유수량 ': 300, '매입가 ': 6851, '수익률(%) ': -0.22, '현재가 ': 6900, '매입금액 ': 2055450, '매매가능수량 ': 300}, '064260': {'종목명 ': '다날', '보유수량 ': 350, '매입가 ': 8360, '수익률(%) ': -1.05, '현재가 ': 8350, '매입금액 ': 2926000, '매매가능수량 ': 350}, '218150': {'종목명 ': '미래생명자원', '보유수량 ': 100, '매입가 ': 5750, '수익률(%) ': -0.93, '현재가 ': 5750, '매입금액 ': 575000, '매매가능수량 ': 100}}
[2021-03-18 06:51:16,971] I kiwoom.py | Kiwoom-msg_slot-0729 I DEBUG    > 스크린: , 요청이름: , tr 코드 :  ----  조회가 완료되었습니다. 
[2021-03-18 06:51:21,952] I kiwoom.py | Kiwoom-read_code-0420 I DEBUG    > condition_stock 수집파일 {} 
[2021-03-18 06:51:21,953] I kiwoom.py | Kiwoom-screen_number_setting-0470 I DEBUG    > screen_number_setting  {'004140': {'스크린번호': '5001', '주문용스크린번호 ': '6001'}, '064260': {'스크린번호': '5001', '주문용스크린번호 ': '6001'}, '218150': {'스크린번호': '5001', '주문용스크린번호 ': '6001'}} 
[2021-03-18 06:51:26,964] I kiwoom.py | Kiwoom-__init__-0081 I DEBUG    > 실시간 등록 : 004140, 스크린번호 : 5001  , 번호 : 20 
[2021-03-18 06:51:26,967] I kiwoom.py | Kiwoom-__init__-0081 I DEBUG    > 실시간 등록 : 064260, 스크린번호 : 5001  , 번호 : 20 
[2021-03-18 06:51:26,969] I kiwoom.py | Kiwoom-__init__-0081 I DEBUG    > 실시간 등록 : 218150, 스크린번호 : 5001  , 번호 : 20 
[2021-03-18 06:52:38,949] I kiwoom.py | Kiwoom-__init__-0016 I DEBUG    > Kiwoom() class start.
